<?xml version="1.0" encoding="UTF-8"?>
<!-- Generated by org.testng.reporters.JUnitReportReporter -->
<testsuite hostname="DESKTOP-JH6DRCK" failures="0" tests="1" name="TestCases.TC_LoggedInDevice" time="13.452" errors="0" timestamp="2023-01-16T17:11:35 BDT" skipped="0">
  <testcase classname="TestCases.TC_LoggedInDevice" name="TC_LoggedinDevice" time="13.452"/>
  <system-out/>
</testsuite> <!-- TestCases.TC_LoggedInDevice -->
