<?xml version="1.0" encoding="UTF-8"?>
<!-- Generated by org.testng.reporters.JUnitReportReporter -->
<testsuite hostname="DESKTOP-JH6DRCK" failures="0" tests="1" name="TestCases.TC_Appearance" time="38.816" errors="0" timestamp="2023-01-17T12:29:27 BDT" skipped="0">
  <testcase classname="TestCases.TC_Appearance" name="TC_appearance" time="38.816"/>
  <system-out/>
</testsuite> <!-- TestCases.TC_Appearance -->
