<?xml version="1.0" encoding="UTF-8"?>
<!-- Generated by org.testng.reporters.JUnitReportReporter -->
<testsuite hostname="DESKTOP-JH6DRCK" failures="0" tests="1" name="TestCases.TC_NotificationSetup" time="10.478" errors="0" timestamp="2023-01-16T16:13:40 BDT" skipped="0">
  <testcase classname="TestCases.TC_NotificationSetup" name="notificationSetup" time="10.478"/>
  <system-out/>
</testsuite> <!-- TestCases.TC_NotificationSetup -->
