<?xml version="1.0" encoding="UTF-8"?>
<!-- Generated by org.testng.reporters.JUnitReportReporter -->
<testsuite hostname="DESKTOP-JH6DRCK" failures="0" tests="1" name="TestCases.TC_Coupons" time="126.730" errors="0" timestamp="2023-01-17T12:27:07 BDT" skipped="0">
  <testcase classname="TestCases.TC_Coupons" name="TC_coupons" time="126.730"/>
  <system-out/>
</testsuite> <!-- TestCases.TC_Coupons -->
