<?xml version="1.0" encoding="UTF-8"?>
<!-- Generated by org.testng.reporters.JUnitReportReporter -->
<testsuite hostname="DESKTOP-JH6DRCK" failures="0" tests="1" name="TestCases.TC_Communications" time="8.488" errors="0" timestamp="2023-01-17T12:27:07 BDT" skipped="0">
  <testcase classname="TestCases.TC_Communications" name="communications" time="8.488"/>
  <system-out/>
</testsuite> <!-- TestCases.TC_Communications -->
