<?xml version="1.0" encoding="UTF-8"?>
<!-- Generated by org.testng.reporters.JUnitReportReporter -->
<testsuite hostname="DESKTOP-JH6DRCK" failures="0" tests="1" name="TestCases.TC_Virtual_Class" time="58.911" errors="0" timestamp="2023-01-17T15:17:28 BDT" skipped="0">
  <testcase classname="TestCases.TC_Virtual_Class" name="TC_Virtual_class" time="58.911"/>
  <system-out/>
</testsuite> <!-- TestCases.TC_Virtual_Class -->
