<?xml version="1.0" encoding="UTF-8"?>
<!-- Generated by org.testng.reporters.JUnitReportReporter -->
<testsuite hostname="DESKTOP-JH6DRCK" failures="0" tests="1" name="TestCases.TC_ClassEnroll" time="26.210" errors="0" timestamp="2023-01-16T16:13:40 BDT" skipped="0">
  <testcase classname="TestCases.TC_ClassEnroll" name="classSubMenu" time="26.210"/>
  <system-out/>
</testsuite> <!-- TestCases.TC_ClassEnroll -->
