<?xml version="1.0" encoding="UTF-8"?>
<!-- Generated by org.testng.reporters.JUnitReportReporter -->
<testsuite hostname="DESKTOP-MQVB44Q" failures="0" tests="1" name="TestCases.TC_SystemSettings" time="364.018" errors="0" timestamp="2023-01-11T10:26:15 BDT" skipped="0">
  <testcase classname="TestCases.TC_SystemSettings" name="TC_SystemSettings" time="364.018"/>
  <system-out/>
</testsuite> <!-- TestCases.TC_SystemSettings -->
