<?xml version="1.0" encoding="UTF-8"?>
<!-- Generated by org.testng.reporters.JUnitReportReporter -->
<testsuite hostname="DESKTOP-JH6DRCK" failures="0" tests="1" name="TestCases.TC_Referral" time="4.432" errors="0" timestamp="2023-01-16T17:12:50 BDT" skipped="0">
  <testcase classname="TestCases.TC_Referral" name="referral" time="4.432"/>
  <system-out/>
</testsuite> <!-- TestCases.TC_Referral -->
