<?xml version="1.0" encoding="UTF-8"?>
<!-- Generated by org.testng.reporters.JUnitReportReporter -->
<testsuite hostname="DESKTOP-JH6DRCK" failures="0" tests="1" name="TestCases.TC_Student" time="153.061" errors="0" timestamp="2023-01-17T12:27:07 BDT" skipped="0">
  <testcase classname="TestCases.TC_Student" name="TC_student" time="153.061"/>
  <system-out/>
</testsuite> <!-- TestCases.TC_Student -->
