<?xml version="1.0" encoding="UTF-8"?>
<!-- Generated by org.testng.reporters.JUnitReportReporter -->
<testsuite hostname="DESKTOP-JH6DRCK" failures="0" tests="1" name="TestCases.TC_Dashboard" time="115.694" errors="0" timestamp="2023-01-17T13:04:43 BDT" skipped="0">
  <testcase classname="TestCases.TC_Dashboard" name="TC_dashboard" time="115.694"/>
  <system-out/>
</testsuite> <!-- TestCases.TC_Dashboard -->
