<?xml version="1.0" encoding="UTF-8"?>
<!-- Generated by org.testng.reporters.JUnitReportReporter -->
<testsuite hostname="DESKTOP-JH6DRCK" failures="0" tests="1" name="TestCases.TC_Category_List" time="25.951" errors="0" timestamp="2022-12-20T10:58:59 BDT" skipped="0">
  <testcase classname="TestCases.TC_Category_List" name="TC_CategoryList" time="25.951"/>
  <system-out/>
</testsuite> <!-- TestCases.TC_Category_List -->
