<?xml version="1.0" encoding="UTF-8"?>
<!-- Generated by org.testng.reporters.JUnitReportReporter -->
<testsuite hostname="DESKTOP-JH6DRCK" failures="0" tests="1" name="TestCases.TC_Blog" time="49.162" errors="0" timestamp="2023-01-17T12:51:51 BDT" skipped="0">
  <testcase classname="TestCases.TC_Blog" name="blogs" time="49.162"/>
  <system-out/>
</testsuite> <!-- TestCases.TC_Blog -->
