<?xml version="1.0" encoding="UTF-8"?>
<!-- Generated by org.testng.reporters.JUnitReportReporter -->
<testsuite hostname="DESKTOP-JH6DRCK" failures="0" tests="1" name="TestCases.TC_Frontend_CMS" time="260.742" errors="0" timestamp="2023-01-17T13:34:33 BDT" skipped="0">
  <testcase classname="TestCases.TC_Frontend_CMS" name="TC_FrontendCMS" time="260.742"/>
  <system-out/>
</testsuite> <!-- TestCases.TC_Frontend_CMS -->
