<?xml version="1.0" encoding="UTF-8"?>
<!-- Generated by org.testng.reporters.JUnitReportReporter -->
<testsuite hostname="DESKTOP-JH6DRCK" failures="0" tests="1" name="TestCases.TC_Courses" time="244.667" errors="0" timestamp="2023-01-17T13:00:24 BDT" skipped="0">
  <testcase classname="TestCases.TC_Courses" name="TC_courses" time="244.667"/>
  <system-out/>
</testsuite> <!-- TestCases.TC_Courses -->
