<?xml version="1.0" encoding="UTF-8"?>
<!-- Generated by org.testng.reporters.JUnitReportReporter -->
<testsuite hostname="DESKTOP-JH6DRCK" failures="0" tests="1" name="TestCases.TC_Deposite" time="24.433" errors="0" timestamp="2023-01-16T17:09:33 BDT" skipped="0">
  <testcase classname="TestCases.TC_Deposite" name="deposite" time="24.433"/>
  <system-out/>
</testsuite> <!-- TestCases.TC_Deposite -->
